<?xml version="1.0" encoding="UTF-8"?>
<!-- Generated by org.testng.reporters.JUnitReportReporter -->
<testsuite hostname="LAPTOP-LK04PM99" failures="0" tests="1" name="testClassPackage.TestClass" time="6.647" errors="0" timestamp="2023-05-29T07:29:17 IST" skipped="0">
  <testcase classname="testClassPackage.TestClass" name="execute" time="6.647"/>
  <system-out/>
</testsuite> <!-- testClassPackage.TestClass -->
